<?xml version="1.0" encoding="UTF-8"?>
<!-- Generated by org.testng.reporters.JUnitReportReporter -->
<testsuite hostname="BAN-LT-MKURE" failures="0" tests="3" name="NewTest" time="0.007" errors="0" timestamp="2023-01-31T00:06:09 IST" skipped="0">
  <testcase classname="NewTest" name="demp" time="0.006"/>
  <system-out/>
  <testcase classname="NewTest" name="afterMethod" time="0.001"/>
  <system-out/>
  <testcase classname="NewTest" name="beforeMethod" time="0.000"/>
  <system-out/>
</testsuite> <!-- NewTest -->
