<?xml version="1.0" encoding="UTF-8"?>
<!-- Generated by org.testng.reporters.JUnitReportReporter -->
<testsuite hostname="BAN-LT-MKURE" failures="0" tests="2" name="Test" time="0.009" errors="0" timestamp="2023-01-30T20:01:20 IST" skipped="0">
  <testcase classname="Test" name="dummy" time="0.001"/>
  <system-out>
    <![CDATA[end]]>
  </system-out>
  <testcase classname="Test" name="demo" time="0.008"/>
  <system-out/>
</testsuite> <!-- Test -->
